C51 COMPILER V9.60.0.0   EXTRA_FUNCTION                                                    11/22/2022 19:59:03 PAGE 1   


C51 COMPILER V9.60.0.0, COMPILATION OF MODULE EXTRA_FUNCTION
OBJECT MODULE PLACED IN .\Objects\extra_function.obj
COMPILER INVOKED BY: C:\Keil_v5\C51\BIN\C51.EXE extra_function.c OPTIMIZE(8,SPEED) BROWSE INCDIR(.) DEBUG OBJECTEXTEND P
                    -RINT(.\Listings\extra_function.lst) TABS(2) OBJECT(.\Objects\extra_function.obj)

line level    source

   1          /********
   2            
   3              DLNU School Creative Lab Exam Project
   4              Designed by MuTong233
   5              
   6              Copyright MyGensou Studio 2018-2022
   7              
   8              The code is licensed under the Unlicensed Open Source License
   9              
  10          ********/
  11          
  12          #include<reg52.h>
  13          #include<intrins.h>
  14          #include<stdlib.h>
  15          #define DP_PORT P2
  16          
  17          // Data type define
  18          typedef unsigned int u16;
  19          typedef unsigned char u8;
  20          
  21          // Bit define
  22          sbit P2_7=P2^7;
  23          sbit P2_6=P2^6;
  24          sbit P2_5=P2^5;
  25          sbit P2_4=P2^4;
  26          sbit P2_3=P2^3;
  27          sbit P2_2=P2^2;
  28          sbit P2_1=P2^1;
  29          sbit P2_0=P2^0;
  30          sbit KEY1=P3^1;
  31          sbit KEY2=P3^0;
  32          sbit KEY3=P3^2;
  33          sbit KEY4=P3^3;
  34          /*******
  35            
  36            Nixie Table 
  37            
  38            Code: 0 1 2 3 4 5 6 7 8 9 10 11 12 13 14 15 16 17 18 19 20 21  22 23 24 25  26
  39                  | | | | | | | | | | |  |  |  |  |  |  |  |  |  |  |  |   |  |  |  |   |
  40            Reff: 0 1 2 3 4 5 6 7 8 9 a  b  c  d  e  f  h  j  l  t  -  NUL p  o  n  u/v r
  41            
  42          ********/
  43          // Data Table
  44          unsigned char NixieTable[]={0x3F,0x06,0x5B,0x4F,0x66,0x6D,0x7D,0x07,0x7F,0x6F,0x77,0x7c,0x39,0x5e,0x79,0x7
             -1,0x76,0x0e,0x38,0x78,0x40,0x00,0x73,0x5c,0x54,0x1c,0x50};
  45          unsigned char LEDTable[]={0xFE,0xFD,0xFB,0xF7,0xEF,0xDF,0xBF,0x7F,0x00,0xFF};
  46          
  47          // Delay Function
  48          void delay(unsigned int ten_us)
  49          {
  50   1        while(ten_us--);
  51   1      }
  52          
  53          // Initialize intrpt, can be unused if you want.
C51 COMPILER V9.60.0.0   EXTRA_FUNCTION                                                    11/22/2022 19:59:03 PAGE 2   

  54          void exti0_init()
  55          {
  56   1          IT0=1;
  57   1          EX0=1;
  58   1          IT1=1;
  59   1          EX1=1;
  60   1          EA=1;
  61   1      }
  62          
  63          // Nixie Display Function
  64          void doShowNixie(unsigned char Location,Number)
  65          {
  66   1        switch(Location)
  67   1        {
  68   2          case 1:P2_4=1;P2_3=1;P2_2=1;break;
  69   2          case 2:P2_4=1;P2_3=1;P2_2=0;break;
  70   2          case 3:P2_4=1;P2_3=0;P2_2=1;break;
  71   2          case 4:P2_4=1;P2_3=0;P2_2=0;break;
  72   2          case 5:P2_4=0;P2_3=1;P2_2=1;break;
  73   2          case 6:P2_4=0;P2_3=1;P2_2=0;break;
  74   2          case 7:P2_4=0;P2_3=0;P2_2=1;break;
  75   2          case 8:P2_4=0;P2_3=0;P2_2=0;break;
  76   2        }
  77   1        P0=NixieTable[Number];
  78   1        delay(100);
  79   1      }
  80          
  81          // LED Clear Function
  82          void doClearDisp()
  83          {
  84   1        DP_PORT=0x00;
  85   1      }
  86          
  87          // LED Display Function
  88          void doShowLED(unsigned char Location, unsigned int Timing)
  89          {
  90   1        DP_PORT=LEDTable[Location];
  91   1        delay(Timing);
  92   1      }
  93          
  94          // Beeper Beep Function
  95          void doBeep(unsigned int Timing)
  96          {
  97   1        P2_5=0;
  98   1        while(Timing--)
  99   1        {
 100   2          P2_5=!P2_5;
 101   2          delay(100);
 102   2        }
 103   1        P2_5=0;
 104   1      }
 105          
 106          // Keycode scanner function
 107          unsigned char doKeyScan(u8 mode)
 108          {
 109   1        static u8 key=1;
 110   1      
 111   1        if(mode)key=1;
 112   1        if(key==1&&(KEY1==0||KEY2==0||KEY3==0||KEY4==0))
 113   1        {
 114   2          delay(200);
 115   2          key=0;
C51 COMPILER V9.60.0.0   EXTRA_FUNCTION                                                    11/22/2022 19:59:03 PAGE 3   

 116   2          if(KEY1==0)
 117   2            return 1;
 118   2          else if(KEY2==0)
 119   2            return 2;
 120   2          else if(KEY3==0)
 121   2            return 3;
 122   2          else if(KEY4==0)
 123   2            return 4; 
 124   2        }
 125   1        else if(KEY1==1&&KEY2==1&&KEY3==1&&KEY4==1)
 126   1        {
 127   2          key=1;      
 128   2        }
 129   1        return 0;
 130   1      }
 131          
 132          // Random number generator for fun
 133          unsigned int doRandomGen()
 134          {
 135   1        unsigned int a;
 136   1        srand(rand());
 137   1        a=rand()%10;
 138   1        return a;
 139   1      }
 140          
 141          // Some Delay Function for specificed time
 142          // Software Delay, the accuracy is 95%
 143          void Delay80ms()    //@11.0592MHz
 144          {
 145   1        unsigned char i, j, k;
 146   1      
 147   1        _nop_();
 148   1        _nop_();
 149   1        i = 4;
 150   1        j = 93;
 151   1        k = 155;
 152   1        do
 153   1        {
 154   2          do
 155   2          {
 156   3            while (--k);
 157   3          } while (--j);
 158   2        } while (--i);
 159   1      }
 160          
 161          void Delay60ms()    //@11.0592MHz
 162          {
 163   1        unsigned char i, j, k;
 164   1      
 165   1        _nop_();
 166   1        _nop_();
 167   1        i = 3;
 168   1        j = 134;
 169   1        k = 115;
 170   1        do
 171   1        {
 172   2          do
 173   2          {
 174   3            while (--k);
 175   3          } while (--j);
 176   2        } while (--i);
 177   1      }
C51 COMPILER V9.60.0.0   EXTRA_FUNCTION                                                    11/22/2022 19:59:03 PAGE 4   

 178          
 179          void Delay40ms()    //@11.0592MHz
 180          {
 181   1        unsigned char i, j, k;
 182   1      
 183   1        _nop_();
 184   1        _nop_();
 185   1        i = 2;
 186   1        j = 175;
 187   1        k = 75;
 188   1        do
 189   1        {
 190   2          do
 191   2          {
 192   3            while (--k);
 193   3          } while (--j);
 194   2        } while (--i);
 195   1      }
 196          
 197          void Delay20ms()    //@11.0592MHz
 198          {
 199   1        unsigned char i, j, k;
 200   1      
 201   1        _nop_();
 202   1        _nop_();
 203   1        i = 1;
 204   1        j = 216;
 205   1        k = 35;
 206   1        do
 207   1        {
 208   2          do
 209   2          {
 210   3            while (--k);
 211   3          } while (--j);
 212   2        } while (--i);
 213   1      }
 214          
 215          // Universal CountDown Function
 216          void CountDown(u16 i)
 217          {
 218   1        int DelayTime;
 219   1        for(;i>0;i--){
 220   2        for(DelayTime=100;DelayTime>0;DelayTime--)
 221   2        {
 222   3          doShowNixie(1,20);
 223   3          doShowNixie(1,21);
 224   3          doShowNixie(2,(i/10)%10);
 225   3          doShowNixie(2,21);
 226   3          doShowNixie(3,i%10);
 227   3          doShowNixie(3,21);
 228   3          doShowNixie(4,20);
 229   3          doShowNixie(4,21);
 230   3        }
 231   2        }
 232   1      }
 233          
 234          // Waiter(LED Flow)
 235          void doWaitLED(u16 i)
 236          {
 237   1        for(;i>0;i--)
 238   1          {
 239   2            doShowLED(0,10000);
C51 COMPILER V9.60.0.0   EXTRA_FUNCTION                                                    11/22/2022 19:59:03 PAGE 5   

 240   2            doShowLED(1,10000);
 241   2            doShowLED(2,10000);
 242   2            doShowLED(3,10000);
 243   2            doShowLED(4,10000);
 244   2            doShowLED(5,10000);
 245   2            doShowLED(6,10000);
 246   2            doShowLED(7,10000);
 247   2          }
 248   1          doClearDisp();
 249   1      }
 250          
 251          // System Post Screen
 252          void SystemPost()
 253          {
 254   1        int DelayTime;
 255   1          for(DelayTime=250;DelayTime>0;DelayTime--)
 256   1          {
 257   2            doShowNixie(1,20);
 258   2            doShowNixie(1,21);
 259   2            doShowNixie(2,20);
 260   2            doShowNixie(2,21);
 261   2            doShowNixie(3,22);
 262   2            doShowNixie(3,21);
 263   2            doShowNixie(4,0);
 264   2            doShowNixie(4,21);
 265   2            doShowNixie(5,5);
 266   2            doShowNixie(5,21);
 267   2            doShowNixie(6,19);
 268   2            doShowNixie(6,21);
 269   2            doShowNixie(7,20);
 270   2            doShowNixie(7,21);
 271   2            doShowNixie(8,20);
 272   2            doShowNixie(8,21);
 273   2          }
 274   1          for(DelayTime=50;DelayTime>0;DelayTime--)
 275   1          {
 276   2            doShowNixie(1,20);
 277   2            doShowNixie(1,21);
 278   2            doShowNixie(2,20);
 279   2            doShowNixie(2,21);
 280   2            doShowNixie(3,11);
 281   2            doShowNixie(3,21);
 282   2            doShowNixie(4,14);
 283   2            doShowNixie(4,21);
 284   2            doShowNixie(5,14);
 285   2            doShowNixie(5,21);
 286   2            doShowNixie(6,22);
 287   2            doShowNixie(6,21);
 288   2            doShowNixie(7,20);
 289   2            doShowNixie(7,21);
 290   2            doShowNixie(8,20);
 291   2            doShowNixie(8,21);
 292   2            doBeep(1);
 293   2          }
 294   1          doClearDisp();
 295   1          for(DelayTime=100;DelayTime>0;DelayTime--)
 296   1          {
 297   2            doShowNixie(1,20);
 298   2            doShowNixie(1,21);
 299   2            doShowNixie(2,20);
 300   2            doShowNixie(2,21);
 301   2            doShowNixie(3,18);
C51 COMPILER V9.60.0.0   EXTRA_FUNCTION                                                    11/22/2022 19:59:03 PAGE 6   

 302   2            doShowNixie(3,21);
 303   2            doShowNixie(4,14);
 304   2            doShowNixie(4,21);
 305   2            doShowNixie(5,13);
 306   2            doShowNixie(5,21);
 307   2            doShowNixie(6,5);
 308   2            doShowNixie(6,21);
 309   2            doShowNixie(7,20);
 310   2            doShowNixie(7,21);
 311   2            doShowNixie(8,20);
 312   2            doShowNixie(8,21);
 313   2          }
 314   1          doWaitLED(8);
 315   1          doClearDisp();
 316   1          for(DelayTime=8;DelayTime>0;DelayTime--){Delay80ms();}
 317   1      }
 318          
 319          // System Attract Screen
 320          void SystemAttract()
 321          {
 322   1        int i=1,DelayTime,KeyOp;
 323   1        while(i==1)
 324   1        {
 325   2          for(DelayTime=150;DelayTime>0;DelayTime--)
 326   2          {
 327   3            doShowNixie(1,22);
 328   3            doShowNixie(1,21);
 329   3            doShowNixie(2,23);
 330   3            doShowNixie(2,21);
 331   3            doShowNixie(3,24);
 332   3            doShowNixie(3,21);
 333   3            doShowNixie(4,9);
 334   3            doShowNixie(4,21);
 335   3            KeyOp=doKeyScan(0);
 336   3            if(KeyOp!=0) {i=0;}
 337   3          }
 338   2          for(DelayTime=150;DelayTime>0;DelayTime--)
 339   2          {
 340   3            doShowNixie(5,23);
 341   3            doShowNixie(5,21);
 342   3            doShowNixie(6,25);
 343   3            doShowNixie(6,21);
 344   3            doShowNixie(7,14);
 345   3            doShowNixie(7,21);
 346   3            doShowNixie(8,26);
 347   3            doShowNixie(8,21);
 348   3            KeyOp=doKeyScan(0);
 349   3            if(KeyOp!=0) {i=0;}
 350   3          }
 351   2          for(DelayTime=50;DelayTime>0;DelayTime--)
 352   2          {
 353   3            doShowNixie(1,20);
 354   3            doShowNixie(1,21);
 355   3            doShowNixie(2,doRandomGen());
 356   3            doShowNixie(2,21);
 357   3            doShowNixie(3,doRandomGen());
 358   3            doShowNixie(3,21);
 359   3            doShowNixie(4,20);
 360   3            doShowNixie(4,21);
 361   3            doShowNixie(5,20);
 362   3            doShowNixie(5,21);
 363   3            doShowNixie(6,doRandomGen());
C51 COMPILER V9.60.0.0   EXTRA_FUNCTION                                                    11/22/2022 19:59:03 PAGE 7   

 364   3            doShowNixie(6,21);
 365   3            doShowNixie(7,doRandomGen());
 366   3            doShowNixie(7,21);
 367   3            doShowNixie(8,20);
 368   3            doShowNixie(8,21);
 369   3            KeyOp=doKeyScan(0);
 370   3            if(KeyOp!=0) {i=0;}
 371   3          }
 372   2          for(DelayTime=150;DelayTime>0;DelayTime--)
 373   2          {
 374   3            doShowNixie(1,25);
 375   3            doShowNixie(1,21);
 376   3            doShowNixie(2,14);
 377   3            doShowNixie(2,21);
 378   3            doShowNixie(3,26);
 379   3            doShowNixie(3,21);
 380   3            doShowNixie(4,20);
 381   3            doShowNixie(4,21);
 382   3            doShowNixie(5,2);
 383   3            doShowNixie(5,21);
 384   3            doShowNixie(6,0);
 385   3            doShowNixie(6,21);
 386   3            doShowNixie(7,2);
 387   3            doShowNixie(7,21);
 388   3            doShowNixie(8,2);
 389   3            doShowNixie(8,21);
 390   3            KeyOp=doKeyScan(0);
 391   3            if(KeyOp!=0) {i=0;}
 392   3          }
 393   2          KeyOp=doKeyScan(0);
 394   2          if(KeyOp!=0) {i=0;}
 395   2        }
 396   1      }
 397          
 398          // Initialize Error Handler
 399          void doErrorReport(u16 i,j)
 400          {
 401   1        while(1)
 402   1        {
 403   2          doShowNixie(1,14);
 404   2          doShowNixie(1,21);
 405   2          doShowNixie(2,i%10);
 406   2          doShowNixie(2,21);
 407   2          doShowNixie(3,20);
 408   2          doShowNixie(3,21);
 409   2          doShowNixie(4,j%10);
 410   2          doShowNixie(4,21);
 411   2          doBeep(1);
 412   2        }
 413   1      }
 414          
 415          // Interrupt Function
 416          void exti0() interrupt 0
 417          {
 418   1        delay(1000);
 419   1        if(KEY3==0)
 420   1        doShowNixie(1,1);
 421   1        doShowNixie(1,21);
 422   1        doShowNixie(2,2);
 423   1        doShowNixie(2,21);
 424   1        doShowNixie(3,3);
 425   1        doShowNixie(3,21);
C51 COMPILER V9.60.0.0   EXTRA_FUNCTION                                                    11/22/2022 19:59:03 PAGE 8   

 426   1        doShowNixie(4,4);
 427   1        doShowNixie(4,21);
 428   1        doShowNixie(5,5);
 429   1        doShowNixie(5,21);
 430   1        doShowNixie(6,6);
 431   1        doShowNixie(6,21);
 432   1        doShowNixie(7,7);
 433   1        doShowNixie(7,21);
 434   1        doShowNixie(8,8);
 435   1        doShowNixie(8,21);
 436   1      }
 437          
 438          void exti1() interrupt 2
 439          {
 440   1        delay(1000);
 441   1        if(KEY4==0)
 442   1        doShowLED(8,10000);
 443   1      }


MODULE INFORMATION:   STATIC OVERLAYABLE
   CODE SIZE        =   1964    ----
   CONSTANT SIZE    =   ----    ----
   XDATA SIZE       =   ----    ----
   PDATA SIZE       =   ----    ----
   DATA SIZE        =     38      12
   IDATA SIZE       =   ----    ----
   BIT SIZE         =   ----    ----
END OF MODULE INFORMATION.


C51 COMPILATION COMPLETE.  0 WARNING(S),  0 ERROR(S)
